[debug] [2022-01-18T05:23:55.030Z] ----------------------------------------------------------------------
[debug] [2022-01-18T05:23:55.034Z] Command:       C:\Program Files\nodejs\node.exe C:\Users\user\AppData\Roaming\npm\node_modules\firebase-tools\lib\bin\firebase.js init hosting
[debug] [2022-01-18T05:23:55.034Z] CLI Version:   10.1.0
[debug] [2022-01-18T05:23:55.035Z] Platform:      win32
[debug] [2022-01-18T05:23:55.035Z] Node Version:  v16.13.0
[debug] [2022-01-18T05:23:55.036Z] Time:          Tue Jan 18 2022 14:23:55 GMT+0900 (日本標準時)
[debug] [2022-01-18T05:23:55.037Z] ----------------------------------------------------------------------
[debug] 
[debug] [2022-01-18T05:23:55.048Z] > command requires scopes: ["email","openid","https://www.googleapis.com/auth/cloudplatformprojects.readonly","https://www.googleapis.com/auth/firebase","https://www.googleapis.com/auth/cloud-platform"]
[debug] [2022-01-18T05:23:55.049Z] > authorizing via signed-in user (airmail48690077@gmail.com)
[info] 
     ######## #### ########  ######## ########     ###     ######  ########
     ##        ##  ##     ## ##       ##     ##  ##   ##  ##       ##
     ######    ##  ########  ######   ########  #########  ######  ######
     ##        ##  ##    ##  ##       ##     ## ##     ##       ## ##
     ##       #### ##     ## ######## ########  ##     ##  ######  ########

You're about to initialize a Firebase project in this directory:

  E:\卒業制作\HON

[info] 
=== Project Setup
[info] 
[info] First, let's associate this project directory with a Firebase project.
[info] You can create multiple project aliases by running firebase use --add, 
[info] but for now we'll just set up a default project.
[info] 
[debug] [2022-01-18T05:24:52.159Z] >>> [apiv2][query] GET https://firebase.googleapis.com/v1beta1/projects pageSize=100
[debug] [2022-01-18T05:24:52.997Z] <<< [apiv2][status] GET https://firebase.googleapis.com/v1beta1/projects 200
[debug] [2022-01-18T05:24:52.997Z] <<< [apiv2][body] GET https://firebase.googleapis.com/v1beta1/projects [omitted]
[info] i  Using project sample-50c31 (sample) 
[info] 
=== Hosting Setup
[info] 
[info] Your public directory is the folder (relative to your project directory) that
[info] will contain Hosting assets to be uploaded with firebase deploy. If you
[info] have a build process for your assets, use your build's output directory.
[info] 
[debug] [2022-01-18T05:25:49.934Z] >>> [apiv2][query] GET https://www.gstatic.com/firebasejs/releases.json [none]
[debug] [2022-01-18T05:25:50.053Z] <<< [apiv2][status] GET https://www.gstatic.com/firebasejs/releases.json 200
[debug] [2022-01-18T05:25:50.054Z] <<< [apiv2][body] GET https://www.gstatic.com/firebasejs/releases.json {"current":{"version":"9.6.3","browserURL":"https://www.gstatic.com/firebasejs/9.6.3/firebase.js","packageURL":"https://www.gstatic.com/firebasejs/9.6.3/firebase.tgz"},"live":{"version":"9.6","browserURL":"https://www.gstatic.com/firebasejs/live/9.6/firebase.js","packageURL":"https://www.gstatic.com/firebasejs/live/9.6/firebase.tgz"},"components":{"analytics":"https://www.gstatic.com/firebasejs/9.6.3/firebase-analytics.js","app":"https://www.gstatic.com/firebasejs/9.6.3/firebase-app.js","app-check":"https://www.gstatic.com/firebasejs/9.6.3/firebase-app-check.js","auth":"https://www.gstatic.com/firebasejs/9.6.3/firebase-auth.js","auth/cordova":"https://www.gstatic.com/firebasejs/9.6.3/firebase-auth/cordova.js","auth/react-native":"https://www.gstatic.com/firebasejs/9.6.3/firebase-auth/react-native.js","functions":"https://www.gstatic.com/firebasejs/9.6.3/firebase-functions.js","firestore":"https://www.gstatic.com/firebasejs/9.6.3/firebase-firestore.js","firestore/lite":"https://www.gstatic.com/firebasejs/9.6.3/firebase-firestore/lite.js","storage":"https://www.gstatic.com/firebasejs/9.6.3/firebase-storage.js","performance":"https://www.gstatic.com/firebasejs/9.6.3/firebase-performance.js","remote-config":"https://www.gstatic.com/firebasejs/9.6.3/firebase-remote-config.js","messaging":"https://www.gstatic.com/firebasejs/9.6.3/firebase-messaging.js","messaging/sw":"https://www.gstatic.com/firebasejs/9.6.3/firebase-messaging/sw.js","database":"https://www.gstatic.com/firebasejs/9.6.3/firebase-database.js","firestore.memory":"https://www.gstatic.com/firebasejs/9.6.3/firebase-firestore.memory.js"}}
[info] +  Wrote public/index.html 
[info] 
[info] i  Didn't detect a .git folder. Assuming E:\卒業制作\HON is the project root. 
[info] i  Authorizing with GitHub to upload your service account to a GitHub repository's secrets store. 
[info] 
[info] Visit this URL on this device to log in:
[info] https://github.com/login/oauth/authorize?client_id=89cf50f02ac6aaed3484&state=276321057&redirect_uri=http%3A%2F%2Flocalhost%3A9005&scope=read%3Auser%20repo%20public_repo
[info] 
[info] Waiting for authentication...
[debug] [2022-01-18T05:35:22.915Z] >>> HTTP REQUEST POST https://github.com/login/oauth/access_token  
 {"client_id":"89cf50f02ac6aaed3484","client_secret":"3330d14abc895d9a74d5f17cd7a00711fa2c5bf0","code":"bf2feeb6b6ca07c057f6","redirect_uri":"http://localhost:9005","state":"276321057"}
[debug] [2022-01-18T05:35:23.336Z] <<< HTTP RESPONSE 200 {"server":"GitHub.com","date":"Tue, 18 Jan 2022 05:35:22 GMT","content-type":"application/json; charset=utf-8","transfer-encoding":"chunked","vary":"X-PJAX, X-PJAX-Container, Accept-Encoding, Accept, X-Requested-With","permissions-policy":"interest-cohort=()","etag":"W/\"75d112441c94c56044fbcea85e46f1ef\"","cache-control":"max-age=0, private, must-revalidate","strict-transport-security":"max-age=31536000; includeSubdomains; preload","x-frame-options":"deny","x-content-type-options":"nosniff","x-xss-protection":"0","referrer-policy":"origin-when-cross-origin, strict-origin-when-cross-origin","expect-ct":"max-age=2592000, report-uri=\"https://api.github.com/_private/browser/errors\"","content-security-policy":"default-src 'none'; base-uri 'self'; block-all-mixed-content; child-src github.com/assets-cdn/worker/ gist.github.com/assets-cdn/worker/; connect-src 'self' uploads.github.com objects-origin.githubusercontent.com www.githubstatus.com collector.githubapp.com api.github.com github-cloud.s3.amazonaws.com github-production-repository-file-5c1aeb.s3.amazonaws.com github-production-upload-manifest-file-7fdce7.s3.amazonaws.com github-production-user-asset-6210df.s3.amazonaws.com cdn.optimizely.com logx.optimizely.com/v1/events translator.github.com wss://alive.github.com; font-src github.githubassets.com; form-action 'self' github.com gist.github.com objects-origin.githubusercontent.com; frame-ancestors 'none'; frame-src render.githubusercontent.com viewscreen.githubusercontent.com notebooks.githubusercontent.com; img-src 'self' data: github.githubassets.com identicons.github.com collector.githubapp.com github-cloud.s3.amazonaws.com secured-user-images.githubusercontent.com/ *.githubusercontent.com; manifest-src 'self'; media-src github.com user-images.githubusercontent.com/; script-src github.githubassets.com; style-src 'unsafe-inline' github.githubassets.com; worker-src github.com/assets-cdn/worker/ gist.github.com/assets-cdn/worker/","x-github-request-id":"D279:40BC:20B26A:283EDB:61E6519A"}
[debug] [2022-01-18T05:35:23.394Z] >>> [apiv2][query] GET https://api.github.com/user [none]
[debug] [2022-01-18T05:35:23.739Z] <<< [apiv2][status] GET https://api.github.com/user 200
[debug] [2022-01-18T05:35:23.739Z] <<< [apiv2][body] GET https://api.github.com/user {"login":"OkitaKoyo","id":97935111,"node_id":"U_kgDOBdZfBw","avatar_url":"https://avatars.githubusercontent.com/u/97935111?v=4","gravatar_id":"","url":"https://api.github.com/users/OkitaKoyo","html_url":"https://github.com/OkitaKoyo","followers_url":"https://api.github.com/users/OkitaKoyo/followers","following_url":"https://api.github.com/users/OkitaKoyo/following{/other_user}","gists_url":"https://api.github.com/users/OkitaKoyo/gists{/gist_id}","starred_url":"https://api.github.com/users/OkitaKoyo/starred{/owner}{/repo}","subscriptions_url":"https://api.github.com/users/OkitaKoyo/subscriptions","organizations_url":"https://api.github.com/users/OkitaKoyo/orgs","repos_url":"https://api.github.com/users/OkitaKoyo/repos","events_url":"https://api.github.com/users/OkitaKoyo/events{/privacy}","received_events_url":"https://api.github.com/users/OkitaKoyo/received_events","type":"User","site_admin":false,"name":null,"company":null,"blog":"","location":null,"email":null,"hireable":null,"bio":null,"twitter_username":null,"public_repos":0,"public_gists":0,"followers":0,"following":0,"created_at":"2022-01-18T05:30:27Z","updated_at":"2022-01-18T05:30:27Z","private_gists":0,"total_private_repos":0,"owned_private_repos":0,"disk_usage":0,"collaborators":0,"two_factor_authentication":false,"plan":{"name":"free","space":976562499,"collaborators":0,"private_repos":10000}}
[info] 
[info] +  Success! Logged into GitHub as OkitaKoyo 
[info] 
[debug] [2022-01-18T05:35:23.781Z] >>> [apiv2][query] GET https://api.github.com/repos//actions/secrets/public-key type=owner
[debug] [2022-01-18T05:35:23.783Z] >>> [apiv2][query] GET https://api.github.com/repos//actions/secrets/public-key type=owner
[debug] [2022-01-18T05:35:24.050Z] <<< [apiv2][status] GET https://api.github.com/repos//actions/secrets/public-key 404
[debug] [2022-01-18T05:35:24.050Z] <<< [apiv2][body] GET https://api.github.com/repos//actions/secrets/public-key {"message":"Not Found","documentation_url":"https://docs.github.com/rest"}
[debug] [2022-01-18T05:35:24.064Z] <<< [apiv2][status] GET https://api.github.com/repos//actions/secrets/public-key 404
[debug] [2022-01-18T05:35:24.064Z] <<< [apiv2][body] GET https://api.github.com/repos//actions/secrets/public-key {"message":"Not Found","documentation_url":"https://docs.github.com/rest"}
[debug] [2022-01-18T05:35:46.045Z] >>> [apiv2][query] GET https://api.github.com/repos/y/actions/secrets/public-key type=owner
[debug] [2022-01-18T05:35:46.332Z] <<< [apiv2][status] GET https://api.github.com/repos/y/actions/secrets/public-key 404
[debug] [2022-01-18T05:35:46.333Z] <<< [apiv2][body] GET https://api.github.com/repos/y/actions/secrets/public-key {"message":"Not Found","documentation_url":"https://docs.github.com/rest"}
[debug] [2022-01-18T05:35:52.688Z] >>> [apiv2][query] GET https://api.github.com/repos//actions/secrets/public-key type=owner
[debug] [2022-01-18T05:35:52.967Z] <<< [apiv2][status] GET https://api.github.com/repos//actions/secrets/public-key 404
[debug] [2022-01-18T05:35:52.968Z] <<< [apiv2][body] GET https://api.github.com/repos//actions/secrets/public-key {"message":"Not Found","documentation_url":"https://docs.github.com/rest"}
[debug] [2022-01-18T05:36:34.724Z] >>> [apiv2][query] GET https://api.github.com/repos/y/actions/secrets/public-key type=owner
[debug] [2022-01-18T05:36:35.082Z] <<< [apiv2][status] GET https://api.github.com/repos/y/actions/secrets/public-key 404
[debug] [2022-01-18T05:36:35.083Z] <<< [apiv2][body] GET https://api.github.com/repos/y/actions/secrets/public-key {"message":"Not Found","documentation_url":"https://docs.github.com/rest"}
[debug] [2022-01-18T05:36:37.865Z] >>> [apiv2][query] GET https://api.github.com/repos//actions/secrets/public-key type=owner
[debug] [2022-01-18T05:36:38.135Z] <<< [apiv2][status] GET https://api.github.com/repos//actions/secrets/public-key 404
[debug] [2022-01-18T05:36:38.135Z] <<< [apiv2][body] GET https://api.github.com/repos//actions/secrets/public-key {"message":"Not Found","documentation_url":"https://docs.github.com/rest"}
[debug] [2022-01-18T05:36:40.303Z] >>> [apiv2][query] GET https://api.github.com/repos/y/actions/secrets/public-key type=owner
[debug] [2022-01-18T05:36:40.601Z] <<< [apiv2][status] GET https://api.github.com/repos/y/actions/secrets/public-key 404
[debug] [2022-01-18T05:36:40.602Z] <<< [apiv2][body] GET https://api.github.com/repos/y/actions/secrets/public-key {"message":"Not Found","documentation_url":"https://docs.github.com/rest"}
[debug] [2022-01-18T05:36:41.328Z] >>> [apiv2][query] GET https://api.github.com/repos/y/actions/secrets/public-key type=owner
[debug] [2022-01-18T05:36:42.117Z] <<< [apiv2][status] GET https://api.github.com/repos/y/actions/secrets/public-key 404
[debug] [2022-01-18T05:36:42.118Z] <<< [apiv2][body] GET https://api.github.com/repos/y/actions/secrets/public-key {"message":"Not Found","documentation_url":"https://docs.github.com/rest"}
[debug] [2022-01-18T05:36:44.662Z] >>> [apiv2][query] GET https://api.github.com/repos/yes/actions/secrets/public-key type=owner
[debug] [2022-01-18T05:36:44.936Z] <<< [apiv2][status] GET https://api.github.com/repos/yes/actions/secrets/public-key 404
[debug] [2022-01-18T05:36:44.937Z] <<< [apiv2][body] GET https://api.github.com/repos/yes/actions/secrets/public-key {"message":"Not Found","documentation_url":"https://docs.github.com/rest"}
[debug] [2022-01-18T05:37:21.287Z] >>> [apiv2][query] GET https://api.github.com/repos/public/actions/secrets/public-key type=owner
[debug] [2022-01-18T05:37:21.719Z] <<< [apiv2][status] GET https://api.github.com/repos/public/actions/secrets/public-key 404
[debug] [2022-01-18T05:37:21.719Z] <<< [apiv2][body] GET https://api.github.com/repos/public/actions/secrets/public-key {"message":"Not Found","documentation_url":"https://docs.github.com/rest"}
[debug] [2022-01-18T05:39:01.901Z] >>> [apiv2][query] GET https://api.github.com/repos/sample-50c31/actions/secrets/public-key type=owner
[debug] [2022-01-18T05:39:02.242Z] <<< [apiv2][status] GET https://api.github.com/repos/sample-50c31/actions/secrets/public-key 404
[debug] [2022-01-18T05:39:02.243Z] <<< [apiv2][body] GET https://api.github.com/repos/sample-50c31/actions/secrets/public-key {"message":"Not Found","documentation_url":"https://docs.github.com/rest"}
[debug] [2022-01-18T05:39:02.982Z] >>> [apiv2][query] GET https://api.github.com/repos/sample-50c31/actions/secrets/public-key type=owner
[debug] [2022-01-18T05:39:03.332Z] <<< [apiv2][status] GET https://api.github.com/repos/sample-50c31/actions/secrets/public-key 404
[debug] [2022-01-18T05:39:03.332Z] <<< [apiv2][body] GET https://api.github.com/repos/sample-50c31/actions/secrets/public-key {"message":"Not Found","documentation_url":"https://docs.github.com/rest"}
